{"name": "test_login_none_existing_user", "status": "broken", "statusDetails": {"message": "selenium.common.exceptions.TimeoutException: Message:", "trace": "self = <test_login_negative.TestLoginNegative object at 0x1021545d0>\n\n    @pytest.mark.tcid12\n    def test_login_none_existing_user(self):\n    \n        print(\"*******\")\n        print(\"TEST LOGIN NON EXISTING USER\")\n        print(\"*******\")\n        my_account = MyAccountSignedOut(self.driver)\n        # go to my account\n        my_account.go_to_my_account()\n        # type username\n        my_account.input_login_username('blabla-car123')\n        # type password\n        my_account.input_login_password('Pas327483479hsdjfh')\n        # click login\n        my_account.click_login_btn()\n        # sleep(5)\n        # verify error message\n        exp_error_message = 'Error: The username blabla-car123 is not registered on this site. If you are unsure of your username, try your email address instead.'\n        exp2 = 'Unknown email address. Check again or try your username.'\n    \n>       my_account.wait_until_error_is_displayed(exp2)\n\ntests/my_account/test_login_negative.py:30: \n_ _ _ _ _ _ _ _ _ _ _ _ _ _ _ _ _ _ _ _ _ _ _ _ _ _ _ _ _ _ _ _ _ _ _ _ _ _ _ _ _ _ _ _ _ _ _ _ _ _ _ _ _ _ _ _ _ _ _ _ _ _ _ _ _ \nsrc/pages/MyAccountSignedOut.py:35: in wait_until_error_is_displayed\n    self.sl.wait_until_element_contains_text(self.ERRORS_UL, exp_err)\nsrc/SeleniumExtended.py:36: in wait_until_element_contains_text\n    WebDriverWait(self.driver, timeout).until(\n_ _ _ _ _ _ _ _ _ _ _ _ _ _ _ _ _ _ _ _ _ _ _ _ _ _ _ _ _ _ _ _ _ _ _ _ _ _ _ _ _ _ _ _ _ _ _ _ _ _ _ _ _ _ _ _ _ _ _ _ _ _ _ _ _ \n\nself = <selenium.webdriver.support.wait.WebDriverWait (session=\"373d63449754f00c6769fda8cc3031ef\")>\nmethod = <function text_to_be_present_in_element.<locals>._predicate at 0x1021753a0>, message = ''\n\n    def until(self, method, message: str = \"\"):\n        \"\"\"Calls the method provided with the driver as an argument until the \\\n        return value does not evaluate to ``False``.\n    \n        :param method: callable(WebDriver)\n        :param message: optional message for :exc:`TimeoutException`\n        :returns: the result of the last call to `method`\n        :raises: :exc:`selenium.common.exceptions.TimeoutException` if timeout occurs\n        \"\"\"\n        screen = None\n        stacktrace = None\n    \n        end_time = time.monotonic() + self._timeout\n        while True:\n            try:\n                value = method(self._driver)\n                if value:\n                    return value\n            except self._ignored_exceptions as exc:\n                screen = getattr(exc, \"screen\", None)\n                stacktrace = getattr(exc, \"stacktrace\", None)\n            time.sleep(self._poll)\n            if time.monotonic() > end_time:\n                break\n>       raise TimeoutException(message, screen, stacktrace)\nE       selenium.common.exceptions.TimeoutException: Message:\n\n../venv_auto_created/lib/python3.11/site-packages/selenium/webdriver/support/wait.py:95: TimeoutException"}, "attachments": [{"name": "screenshot", "source": "6440d86e-7365-4e4f-98da-30c3efaeee53-attachment.png", "type": "image/png"}, {"name": "stdout", "source": "45341fe5-0dd1-402a-8514-e045f4fece91-attachment.txt", "type": "text/plain"}], "start": 1699439791410, "stop": 1699439807824, "uuid": "0912a8bc-0e9f-4b88-87ca-dc0d00991292", "historyId": "af0b267ea6eb8ea07fd08fbf956062f9", "testCaseId": "af0b267ea6eb8ea07fd08fbf956062f9", "fullName": "ssqamytest.tests.my_account.test_login_negative.TestLoginNegative#test_login_none_existing_user", "labels": [{"name": "tag", "value": "tcid12"}, {"name": "tag", "value": "@pytest.mark.usefixtures('init_driver')"}, {"name": "parentSuite", "value": "ssqamytest.tests.my_account"}, {"name": "suite", "value": "test_login_negative"}, {"name": "subSuite", "value": "TestLoginNegative"}, {"name": "host", "value": "Nadiias-MacBook-Pro.local"}, {"name": "thread", "value": "90404-MainThread"}, {"name": "framework", "value": "pytest"}, {"name": "language", "value": "cpython3"}, {"name": "package", "value": "ssqamytest.tests.my_account.test_login_negative"}]}